<?xml version="1.0" encoding="UTF-8"?>
<!-- Generated by org.testng.reporters.JUnitXMLReporter -->
<testsuite hostname="B2-LAP-AMRUTHESH" ignored="0" name="grouping" tests="2" failures="2" timestamp="30 Sep 2018 03:44:37 GMT" time="3.025" errors="0">
  <testcase name="Registered_User" time="1.878" classname="com.roots.test.Reg_User">
    <failure type="java.lang.NullPointerException">
      <![CDATA[java.lang.NullPointerException
at org.openqa.selenium.support.pagefactory.DefaultElementLocator.findElement(DefaultElementLocator.java:69)
at org.openqa.selenium.support.pagefactory.internal.LocatingElementHandler.invoke(LocatingElementHandler.java:38)
at com.sun.proxy.$Proxy9.click(Unknown Source)
at com.roots.page.LoginPage.popup(LoginPage.java:51)
at com.roots.test.Reg_User.Registered_User(Reg_User.java:20)
... Removed 25 stack frames]]>
    </failure>
  </testcase> <!-- Registered_User -->
  <testcase name="Credit_Card_Guest_User" time="1.097" classname="com.roots.test.Gift_Card">
    <failure type="java.lang.NullPointerException">
      <![CDATA[java.lang.NullPointerException
at org.openqa.selenium.support.pagefactory.DefaultElementLocator.findElement(DefaultElementLocator.java:69)
at org.openqa.selenium.support.pagefactory.internal.LocatingElementHandler.invoke(LocatingElementHandler.java:38)
at com.sun.proxy.$Proxy9.click(Unknown Source)
at com.roots.page.Home_Page.popup(Home_Page.java:142)
at com.roots.test.Gift_Card.Credit_Card_Guest_User(Gift_Card.java:16)
... Removed 25 stack frames]]>
    </failure>
  </testcase> <!-- Credit_Card_Guest_User -->
</testsuite> <!-- grouping -->
