<?xml version="1.0" encoding="UTF-8"?>
<testng-results skipped="0" failed="0" ignored="0" total="1" passed="1">
  <reporter-output>
  </reporter-output>
  <suite name="Default suite" duration-ms="66085" started-at="2018-09-17T04:46:17Z" finished-at="2018-09-17T04:47:23Z">
    <groups>
    </groups>
    <test name="Default test" duration-ms="66085" started-at="2018-09-17T04:46:17Z" finished-at="2018-09-17T04:47:23Z">
      <class name="com.VIPS.test.Gift_Card">
        <test-method status="PASS" signature="initDriver()[pri:0, instance:com.VIPS.test.Gift_Card@7ce6a65d]" name="initDriver" is-config="true" duration-ms="1" started-at="2018-09-17T04:46:17Z" finished-at="2018-09-17T04:46:17Z">
          <reporter-output>
          </reporter-output>
        </test-method> <!-- initDriver -->
        <test-method status="PASS" signature="openApplication()[pri:0, instance:com.VIPS.test.Gift_Card@7ce6a65d]" name="openApplication" is-config="true" duration-ms="9759" started-at="2018-09-17T04:46:17Z" finished-at="2018-09-17T04:46:27Z">
          <reporter-output>
          </reporter-output>
        </test-method> <!-- openApplication -->
        <test-method status="PASS" signature="Credit_Card_Guest_User()[pri:0, instance:com.VIPS.test.Gift_Card@7ce6a65d]" name="Credit_Card_Guest_User" duration-ms="56266" started-at="2018-09-17T04:46:27Z" finished-at="2018-09-17T04:47:23Z">
          <reporter-output>
          </reporter-output>
        </test-method> <!-- Credit_Card_Guest_User -->
      </class> <!-- com.VIPS.test.Gift_Card -->
    </test> <!-- Default test -->
  </suite> <!-- Default suite -->
</testng-results>
